[debug] [2024-02-04T10:01:05.100Z] ----------------------------------------------------------------------
[debug] [2024-02-04T10:01:05.101Z] Command:       C:\Program Files\nodejs\node.exe C:\Users\Rudresh\AppData\Roaming\npm\node_modules\firebase-tools\lib\bin\firebase.js init
[debug] [2024-02-04T10:01:05.102Z] CLI Version:   13.1.0
[debug] [2024-02-04T10:01:05.102Z] Platform:      win32
[debug] [2024-02-04T10:01:05.102Z] Node Version:  v18.18.0
[debug] [2024-02-04T10:01:05.103Z] Time:          Sun Feb 04 2024 15:31:05 GMT+0530 (India Standard Time)
[debug] [2024-02-04T10:01:05.103Z] ----------------------------------------------------------------------
[debug] 
[debug] [2024-02-04T10:01:05.105Z] >>> [apiv2][query] GET https://firebase-public.firebaseio.com/cli.json [none]
[debug] [2024-02-04T10:01:05.142Z] > command requires scopes: ["email","openid","https://www.googleapis.com/auth/cloudplatformprojects.readonly","https://www.googleapis.com/auth/firebase","https://www.googleapis.com/auth/cloud-platform"]
[debug] [2024-02-04T10:01:05.142Z] > authorizing via signed-in user (rudreshpatel01bhu10@gmail.com)
[info] 
     ######## #### ########  ######## ########     ###     ######  ########
     ##        ##  ##     ## ##       ##     ##  ##   ##  ##       ##
     ######    ##  ########  ######   ########  #########  ######  ######
     ##        ##  ##    ##  ##       ##     ## ##     ##       ## ##
     ##       #### ##     ## ######## ########  ##     ##  ######  ########

You're about to initialize a Firebase project in this directory:

  F:\iPortfolio\My Portfolio web

[info] 
=== Project Setup
[info] 
[info] First, let's associate this project directory with a Firebase project.
[info] You can create multiple project aliases by running firebase use --add, 
[info] but for now we'll just set up a default project.
[info] 
[debug] [2024-02-04T10:01:26.207Z] *** [apiv2] error from fetch(https://firebase-public.firebaseio.com/cli.json, {"headers":{},"method":"GET"}): FetchError: request to https://firebase-public.firebaseio.com/cli.json failed, reason: connect ETIMEDOUT 2600:1901:0:4d00:::443
[warn] !  Unable to fetch the CLI MOTD and remote config. This is not a fatal error, but may indicate an issue with your network connection. 
[debug] [2024-02-04T10:01:26.208Z] Failed to fetch MOTD FirebaseError: Failed to make request to https://firebase-public.firebaseio.com/cli.json
[debug] [2024-02-04T10:01:30.100Z] > refreshing access token with scopes: []
[debug] [2024-02-04T10:01:30.101Z] >>> [apiv2][query] POST https://www.googleapis.com/oauth2/v3/token [none]
[debug] [2024-02-04T10:01:30.101Z] >>> [apiv2][body] POST https://www.googleapis.com/oauth2/v3/token [omitted]
[debug] [2024-02-04T10:01:51.376Z] *** [apiv2] error from fetch(https://www.googleapis.com/oauth2/v3/token, {"headers":{},"method":"POST","body":{"_overheadLength":545,"_valueLength":212,"_valuesToMeasure":[],"writable":false,"readable":true,"dataSize":0,"maxDataSize":2097152,"pauseStreams":true,"_released":true,"_streams":[],"_currentStream":null,"_insideLoop":false,"_pendingNext":false,"_boundary":"--------------------------279511611355040134456876","_events":{},"_eventsCount":1}}): FetchError: request to https://www.googleapis.com/oauth2/v3/token failed, reason: connect ETIMEDOUT 2404:6800:4009:821::200a:443
[debug] [2024-02-04T10:01:51.376Z] Authentication Error: Your credentials are no longer valid. Please run firebase login --reauth

For CI servers and headless environments, generate a new token with firebase login:ci
[debug] [2024-02-04T10:01:56.398Z] Error: Timed out.
    at Timeout._onTimeout (C:\Users\Rudresh\AppData\Roaming\npm\node_modules\firebase-tools\lib\utils.js:258:49)
    at listOnTimeout (node:internal/timers:569:17)
    at process.processTimers (node:internal/timers:512:7)
[error] 
[error] Error: An unexpected error has occurred.
[debug] [2024-02-04T10:02:14.692Z] ----------------------------------------------------------------------
[debug] [2024-02-04T10:02:14.693Z] Command:       C:\Program Files\nodejs\node.exe C:\Users\Rudresh\AppData\Roaming\npm\node_modules\firebase-tools\lib\bin\firebase.js init
[debug] [2024-02-04T10:02:14.694Z] CLI Version:   13.1.0
[debug] [2024-02-04T10:02:14.694Z] Platform:      win32
[debug] [2024-02-04T10:02:14.694Z] Node Version:  v18.18.0
[debug] [2024-02-04T10:02:14.695Z] Time:          Sun Feb 04 2024 15:32:14 GMT+0530 (India Standard Time)
[debug] [2024-02-04T10:02:14.695Z] ----------------------------------------------------------------------
[debug] 
[debug] [2024-02-04T10:02:14.697Z] >>> [apiv2][query] GET https://firebase-public.firebaseio.com/cli.json [none]
[debug] [2024-02-04T10:02:14.738Z] > command requires scopes: ["email","openid","https://www.googleapis.com/auth/cloudplatformprojects.readonly","https://www.googleapis.com/auth/firebase","https://www.googleapis.com/auth/cloud-platform"]
[debug] [2024-02-04T10:02:14.739Z] > authorizing via signed-in user (rudreshpatel01bhu10@gmail.com)
[info] 
     ######## #### ########  ######## ########     ###     ######  ########
     ##        ##  ##     ## ##       ##     ##  ##   ##  ##       ##
     ######    ##  ########  ######   ########  #########  ######  ######
     ##        ##  ##    ##  ##       ##     ## ##     ##       ## ##
     ##       #### ##     ## ######## ########  ##     ##  ######  ########

You're about to initialize a Firebase project in this directory:

  F:\iPortfolio\My Portfolio web

[info] 
=== Project Setup
[info] 
[info] First, let's associate this project directory with a Firebase project.
[info] You can create multiple project aliases by running firebase use --add, 
[info] but for now we'll just set up a default project.
[info] 
[debug] [2024-02-04T10:02:35.798Z] *** [apiv2] error from fetch(https://firebase-public.firebaseio.com/cli.json, {"headers":{},"method":"GET"}): FetchError: request to https://firebase-public.firebaseio.com/cli.json failed, reason: connect ETIMEDOUT 2600:1901:0:4d00:::443
[warn] !  Unable to fetch the CLI MOTD and remote config. This is not a fatal error, but may indicate an issue with your network connection. 
[debug] [2024-02-04T10:02:35.800Z] Failed to fetch MOTD FirebaseError: Failed to make request to https://firebase-public.firebaseio.com/cli.json
[info] i  If you want to create a project in a Google Cloud organization or folder, please use "firebase projects:create" instead, and return to this command when you've created the project. 
